# JRE version: Java(TM) SE Runtime Environment (8.0_301-b09) (build 1.8.0_301-b09)
# Java VM: Java HotSpot(TM) 64-Bit Server VM (25.301-b09 mixed mode windows-amd64 compressed oops)
Heap:
 PSYoungGen      total 155648K, used 85481K [0x000000076bb80000, 0x0000000779e80000, 0x00000007c0000000)
  eden space 143872K, 53% used [0x000000076bb80000,0x0000000770723648,0x0000000774800000)
  from space 11776K, 68% used [0x0000000774800000,0x0000000774fd6e30,0x0000000775380000)
  to   space 11264K, 0% used [0x0000000779380000,0x0000000779380000,0x0000000779e80000)
 ParOldGen       total 156160K, used 13727K [0x00000006c3200000, 0x00000006cca80000, 0x000000076bb80000)
  object space 156160K, 8% used [0x00000006c3200000,0x00000006c3f67dd0,0x00000006cca80000)
 Metaspace       used 38711K, capacity 41242K, committed 41600K, reserved 1085440K
  class space    used 4962K, capacity 5383K, committed 5504K, reserved 1048576K
GC Heap History (10 events):
Event: 1.967 GC heap before
{Heap before GC invocations=5 (full 1):
 PSYoungGen      total 75776K, used 65024K [0x000000076bb80000, 0x0000000774f80000, 0x00000007c0000000)
  eden space 65024K, 100% used [0x000000076bb80000,0x000000076fb00000,0x000000076fb00000)
  from space 10752K, 0% used [0x000000076fb00000,0x000000076fb00000,0x0000000770580000)
  to   space 10752K, 0% used [0x0000000774500000,0x0000000774500000,0x0000000774f80000)
 ParOldGen       total 101888K, used 7399K [0x00000006c3200000, 0x00000006c9580000, 0x000000076bb80000)
  object space 101888K, 7% used [0x00000006c3200000,0x00000006c3939eb8,0x00000006c9580000)
 Metaspace       used 22583K, capacity 23476K, committed 23552K, reserved 1069056K
  class space    used 2856K, capacity 3058K, committed 3072K, reserved 1048576K
Event: 1.971 GC heap after
Heap after GC invocations=5 (full 1):
 PSYoungGen      total 103424K, used 4742K [0x000000076bb80000, 0x0000000774a00000, 0x00000007c0000000)
  eden space 98304K, 0% used [0x000000076bb80000,0x000000076bb80000,0x0000000771b80000)
  from space 5120K, 92% used [0x0000000774500000,0x00000007749a1a08,0x0000000774a00000)
  to   space 10752K, 0% used [0x0000000773500000,0x0000000773500000,0x0000000773f80000)
 ParOldGen       total 101888K, used 7407K [0x00000006c3200000, 0x00000006c9580000, 0x000000076bb80000)
  object space 101888K, 7% used [0x00000006c3200000,0x00000006c393beb8,0x00000006c9580000)
 Metaspace       used 22583K, capacity 23476K, committed 23552K, reserved 1069056K
  class space    used 2856K, capacity 3058K, committed 3072K, reserved 1048576K
}
Event: 3.039 GC heap before
{Heap before GC invocations=6 (full 1):
 PSYoungGen      total 103424K, used 103046K [0x000000076bb80000, 0x0000000774a00000, 0x00000007c0000000)
  eden space 98304K, 100% used [0x000000076bb80000,0x0000000771b80000,0x0000000771b80000)
  from space 5120K, 92% used [0x0000000774500000,0x00000007749a1a08,0x0000000774a00000)
  to   space 10752K, 0% used [0x0000000773500000,0x0000000773500000,0x0000000773f80000)
 ParOldGen       total 101888K, used 7407K [0x00000006c3200000, 0x00000006c9580000, 0x000000076bb80000)
  object space 101888K, 7% used [0x00000006c3200000,0x00000006c393beb8,0x00000006c9580000)
 Metaspace       used 28572K, capacity 29792K, committed 30080K, reserved 1075200K
  class space    used 3624K, capacity 3892K, committed 3968K, reserved 1048576K
Event: 3.046 GC heap after
Heap after GC invocations=6 (full 1):
 PSYoungGen      total 135168K, used 9957K [0x000000076bb80000, 0x0000000775e80000, 0x00000007c0000000)
  eden space 124416K, 0% used [0x000000076bb80000,0x000000076bb80000,0x0000000773500000)
  from space 10752K, 92% used [0x0000000773500000,0x0000000773eb9420,0x0000000773f80000)
  to   space 11264K, 0% used [0x0000000775380000,0x0000000775380000,0x0000000775e80000)
 ParOldGen       total 101888K, used 7415K [0x00000006c3200000, 0x00000006c9580000, 0x000000076bb80000)
  object space 101888K, 7% used [0x00000006c3200000,0x00000006c393deb8,0x00000006c9580000)
 Metaspace       used 28572K, capacity 29792K, committed 30080K, reserved 1075200K
  class space    used 3624K, capacity 3892K, committed 3968K, reserved 1048576K
}
Event: 3.509 GC heap before
{Heap before GC invocations=7 (full 1):
 PSYoungGen      total 135168K, used 119681K [0x000000076bb80000, 0x0000000775e80000, 0x00000007c0000000)
  eden space 124416K, 88% used [0x000000076bb80000,0x00000007726a7038,0x0000000773500000)
  from space 10752K, 92% used [0x0000000773500000,0x0000000773eb9420,0x0000000773f80000)
  to   space 11264K, 0% used [0x0000000775380000,0x0000000775380000,0x0000000775e80000)
 ParOldGen       total 101888K, used 7415K [0x00000006c3200000, 0x00000006c9580000, 0x000000076bb80000)
  object space 101888K, 7% used [0x00000006c3200000,0x00000006c393deb8,0x00000006c9580000)
 Metaspace       used 33937K, capacity 35320K, committed 35416K, reserved 1081344K
  class space    used 4295K, capacity 4558K, committed 4608K, reserved 1048576K
Event: 3.517 GC heap after
Heap after GC invocations=7 (full 1):
 PSYoungGen      total 155136K, used 9094K [0x000000076bb80000, 0x0000000778680000, 0x00000007c0000000)
  eden space 143872K, 0% used [0x000000076bb80000,0x000000076bb80000,0x0000000774800000)
  from space 11264K, 80% used [0x0000000775380000,0x0000000775c61aa0,0x0000000775e80000)
  to   space 11776K, 0% used [0x0000000774800000,0x0000000774800000,0x0000000775380000)
 ParOldGen       total 101888K, used 7487K [0x00000006c3200000, 0x00000006c9580000, 0x000000076bb80000)
  object space 101888K, 7% used [0x00000006c3200000,0x00000006c394fec8,0x00000006c9580000)
 Metaspace       used 33937K, capacity 35320K, committed 35416K, reserved 1081344K
  class space    used 4295K, capacity 4558K, committed 4608K, reserved 1048576K
}
Event: 3.517 GC heap before
{Heap before GC invocations=8 (full 2):
 PSYoungGen      total 155136K, used 9094K [0x000000076bb80000, 0x0000000778680000, 0x00000007c0000000)
  eden space 143872K, 0% used [0x000000076bb80000,0x000000076bb80000,0x0000000774800000)
  from space 11264K, 80% used [0x0000000775380000,0x0000000775c61aa0,0x0000000775e80000)
  to   space 11776K, 0% used [0x0000000774800000,0x0000000774800000,0x0000000775380000)
 ParOldGen       total 101888K, used 7487K [0x00000006c3200000, 0x00000006c9580000, 0x000000076bb80000)
  object space 101888K, 7% used [0x00000006c3200000,0x00000006c394fec8,0x00000006c9580000)
 Metaspace       used 33937K, capacity 35320K, committed 35416K, reserved 1081344K
  class space    used 4295K, capacity 4558K, committed 4608K, reserved 1048576K
Event: 3.546 GC heap after
Heap after GC invocations=8 (full 2):
 PSYoungGen      total 155136K, used 0K [0x000000076bb80000, 0x0000000778680000, 0x00000007c0000000)
  eden space 143872K, 0% used [0x000000076bb80000,0x000000076bb80000,0x0000000774800000)
  from space 11264K, 0% used [0x0000000775380000,0x0000000775380000,0x0000000775e80000)
  to   space 11776K, 0% used [0x0000000774800000,0x0000000774800000,0x0000000775380000)
 ParOldGen       total 156160K, used 13719K [0x00000006c3200000, 0x00000006cca80000, 0x000000076bb80000)
  object space 156160K, 8% used [0x00000006c3200000,0x00000006c3f65dd0,0x00000006cca80000)
 Metaspace       used 33937K, capacity 35320K, committed 35416K, reserved 1081344K
  class space    used 4295K, capacity 4558K, committed 4608K, reserved 1048576K
}
Event: 4.382 GC heap before
{Heap before GC invocations=9 (full 2):
 PSYoungGen      total 155136K, used 143872K [0x000000076bb80000, 0x0000000778680000, 0x00000007c0000000)
  eden space 143872K, 100% used [0x000000076bb80000,0x0000000774800000,0x0000000774800000)
  from space 11264K, 0% used [0x0000000775380000,0x0000000775380000,0x0000000775e80000)
  to   space 11776K, 0% used [0x0000000774800000,0x0000000774800000,0x0000000775380000)
 ParOldGen       total 156160K, used 13719K [0x00000006c3200000, 0x00000006cca80000, 0x000000076bb80000)
  object space 156160K, 8% used [0x00000006c3200000,0x00000006c3f65dd0,0x00000006cca80000)
 Metaspace       used 37525K, capacity 39642K, committed 39808K, reserved 1083392K
  class space    used 4788K, capacity 5151K, committed 5248K, reserved 1048576K
Event: 4.389 GC heap after
Heap after GC invocations=9 (full 2):
 PSYoungGen      total 155648K, used 8027K [0x000000076bb80000, 0x0000000779e80000, 0x00000007c0000000)
  eden space 143872K, 0% used [0x000000076bb80000,0x000000076bb80000,0x0000000774800000)
  from space 11776K, 68% used [0x0000000774800000,0x0000000774fd6e30,0x0000000775380000)
  to   space 11264K, 0% used [0x0000000779380000,0x0000000779380000,0x0000000779e80000)
 ParOldGen       total 156160K, used 13727K [0x00000006c3200000, 0x00000006cca80000, 0x000000076bb80000)
  object space 156160K, 8% used [0x00000006c3200000,0x00000006c3f67dd0,0x00000006cca80000)
 Metaspace       used 37525K, capacity 39642K, committed 39808K, reserved 1083392K
  class space    used 4788K, capacity 5151K, committed 5248K, reserved 1048576K
}

